<?xml version="1.0" encoding="UTF-8"?>
<!-- Generated by org.testng.reporters.JUnitReportReporter -->
<testsuite hostname="DESKTOP-8CCITV7" failures="0" tests="2" name="com.qacart.com.testcases.TodoTest" time="5.046" errors="0" timestamp="2022-09-27T14:48:49 EEST" skipped="1">
  <testcase classname="com.qacart.com.testcases.TodoTest" name="shouldBeAbleToAddNewTodo" time="5.046"/>
  <system-out/>
  <testcase classname="com.qacart.com.testcases.TodoTest" name="shouldBeAbleToDeleteTodo">
    <skipped/>
  </testcase> <!-- shouldBeAbleToDeleteTodo -->
  <system-out/>
</testsuite> <!-- com.qacart.com.testcases.TodoTest -->
