<?xml version="1.0" encoding="UTF-8"?>
<!-- Generated by org.testng.reporters.JUnitReportReporter -->
<testsuite hostname="DESKTOP-8CCITV7" failures="0" tests="1" name="com.qacart.com.testcases.LoginTest" time="8.639" errors="0" timestamp="2022-09-27T14:48:49 EEST" skipped="0">
  <testcase classname="com.qacart.com.testcases.LoginTest" name="ShouldBeAbleToLoginWithEmailAndPassword" time="8.639"/>
  <system-out/>
</testsuite> <!-- com.qacart.com.testcases.LoginTest -->
