<?xml version="1.0" encoding="UTF-8"?>
<!-- Generated by org.testng.reporters.JUnitReportReporter -->
<testsuite hostname="DESKTOP-99UPAI7" failures="0" tests="1" name="com.qacart.com.testcases.LoginTest" time="12.882" errors="0" timestamp="2022-10-03T12:13:58 EEST" skipped="0">
  <testcase classname="com.qacart.com.testcases.LoginTest" name="ShouldBeAbleToLoginWithEmailAndPassword" time="12.882"/>
  <system-out/>
</testsuite> <!-- com.qacart.com.testcases.LoginTest -->
