<?xml version="1.0" encoding="UTF-8"?>
<!-- Generated by org.testng.reporters.JUnitReportReporter -->
<testsuite hostname="DESKTOP-99UPAI7" failures="0" tests="2" name="com.qacart.com.testcases.TodoTest" time="48.612" errors="0" timestamp="2022-10-03T12:13:58 EEST" skipped="0">
  <testcase classname="com.qacart.com.testcases.TodoTest" name="shouldBeAbleToAddNewTodo" time="24.166"/>
  <system-out/>
  <testcase classname="com.qacart.com.testcases.TodoTest" name="shouldBeAbleToDeleteTodo" time="24.446"/>
  <system-out/>
</testsuite> <!-- com.qacart.com.testcases.TodoTest -->
